# JRE version: OpenJDK Runtime Environment Temurin-21.0.9+10 (21.0.9+10) (build 21.0.9+10-LTS)
# Java VM: OpenJDK 64-Bit Server VM Temurin-21.0.9+10 (21.0.9+10-LTS, mixed mode, sharing, tiered, compressed oops, compressed class ptrs, parallel gc, windows-amd64)
GC Precious Log:
 CardTable entry size: 512
 CPUs: 16 total, 16 available
 Memory: 16088M
 Large Page Support: Disabled
 NUMA Support: Disabled
 Compressed Oops: Enabled (32-bit)
 Alignments: Space 512K, Generation 512K, Heap 2M
 Heap Min Capacity: 100M
 Heap Initial Capacity: 100M
 Heap Max Capacity: 2G
 Pre-touch: Disabled
 Parallel Workers: 13
Heap:
 PSYoungGen      total 22528K, used 3311K [0x00000000d5580000, 0x00000000d6d00000, 0x0000000100000000)
  eden space 21504K, 10% used [0x00000000d5580000,0x00000000d57bbfb0,0x00000000d6a80000)
  from space 1024K, 100% used [0x00000000d6c00000,0x00000000d6d00000,0x00000000d6d00000)
  to   space 1024K, 0% used [0x00000000d6a80000,0x00000000d6a80000,0x00000000d6b80000)
 ParOldGen       total 68608K, used 23618K [0x0000000080000000, 0x0000000084300000, 0x00000000d5580000)
  object space 68608K, 34% used [0x0000000080000000,0x0000000081710a20,0x0000000084300000)
 Metaspace       used 34329K, committed 35392K, reserved 1114112K
  class space    used 3434K, committed 3904K, reserved 1048576K
GC Heap History (20 events):
Event: 2.778 GC heap after
{Heap after GC invocations=13 (full 1):
 PSYoungGen      total 22528K, used 495K [0x00000000d5580000, 0x00000000d6e80000, 0x0000000100000000)
  eden space 22016K, 0% used [0x00000000d5580000,0x00000000d5580000,0x00000000d6b00000)
  from space 512K, 96% used [0x00000000d6e00000,0x00000000d6e7bfb0,0x00000000d6e80000)
  to   space 1024K, 0% used [0x00000000d6c80000,0x00000000d6c80000,0x00000000d6d80000)
 ParOldGen       total 68608K, used 17319K [0x0000000080000000, 0x0000000084300000, 0x00000000d5580000)
  object space 68608K, 25% used [0x0000000080000000,0x00000000810e9de0,0x0000000084300000)
 Metaspace       used 26170K, committed 26944K, reserved 1114112K
  class space    used 2564K, committed 2880K, reserved 1048576K
}
Event: 2.814 GC heap before
{Heap before GC invocations=14 (full 1):
 PSYoungGen      total 22528K, used 21750K [0x00000000d5580000, 0x00000000d6e80000, 0x0000000100000000)
  eden space 22016K, 96% used [0x00000000d5580000,0x00000000d6a41b08,0x00000000d6b00000)
  from space 512K, 96% used [0x00000000d6e00000,0x00000000d6e7bfb0,0x00000000d6e80000)
  to   space 1024K, 0% used [0x00000000d6c80000,0x00000000d6c80000,0x00000000d6d80000)
 ParOldGen       total 68608K, used 17319K [0x0000000080000000, 0x0000000084300000, 0x00000000d5580000)
  object space 68608K, 25% used [0x0000000080000000,0x00000000810e9de0,0x0000000084300000)
 Metaspace       used 27065K, committed 27840K, reserved 1114112K
  class space    used 2626K, committed 2944K, reserved 1048576K
}
Event: 2.816 GC heap after
{Heap after GC invocations=14 (full 1):
 PSYoungGen      total 23040K, used 494K [0x00000000d5580000, 0x00000000d6e80000, 0x0000000100000000)
  eden space 22016K, 0% used [0x00000000d5580000,0x00000000d5580000,0x00000000d6b00000)
  from space 1024K, 48% used [0x00000000d6c80000,0x00000000d6cfb890,0x00000000d6d80000)
  to   space 1024K, 0% used [0x00000000d6d80000,0x00000000d6d80000,0x00000000d6e80000)
 ParOldGen       total 68608K, used 18228K [0x0000000080000000, 0x0000000084300000, 0x00000000d5580000)
  object space 68608K, 26% used [0x0000000080000000,0x00000000811cd2f0,0x0000000084300000)
 Metaspace       used 27065K, committed 27840K, reserved 1114112K
  class space    used 2626K, committed 2944K, reserved 1048576K
}
Event: 2.844 GC heap before
{Heap before GC invocations=15 (full 1):
 PSYoungGen      total 23040K, used 22504K [0x00000000d5580000, 0x00000000d6e80000, 0x0000000100000000)
  eden space 22016K, 99% used [0x00000000d5580000,0x00000000d6afeaf0,0x00000000d6b00000)
  from space 1024K, 48% used [0x00000000d6c80000,0x00000000d6cfb890,0x00000000d6d80000)
  to   space 1024K, 0% used [0x00000000d6d80000,0x00000000d6d80000,0x00000000d6e80000)
 ParOldGen       total 68608K, used 18228K [0x0000000080000000, 0x0000000084300000, 0x00000000d5580000)
  object space 68608K, 26% used [0x0000000080000000,0x00000000811cd2f0,0x0000000084300000)
 Metaspace       used 27308K, committed 28096K, reserved 1114112K
  class space    used 2627K, committed 2944K, reserved 1048576K
}
Event: 2.845 GC heap after
{Heap after GC invocations=15 (full 1):
 PSYoungGen      total 22528K, used 480K [0x00000000d5580000, 0x00000000d6e00000, 0x0000000100000000)
  eden space 22016K, 0% used [0x00000000d5580000,0x00000000d5580000,0x00000000d6b00000)
  from space 512K, 93% used [0x00000000d6d80000,0x00000000d6df8000,0x00000000d6e00000)
  to   space 512K, 0% used [0x00000000d6d00000,0x00000000d6d00000,0x00000000d6d80000)
 ParOldGen       total 68608K, used 19383K [0x0000000080000000, 0x0000000084300000, 0x00000000d5580000)
  object space 68608K, 28% used [0x0000000080000000,0x00000000812edfe0,0x0000000084300000)
 Metaspace       used 27308K, committed 28096K, reserved 1114112K
  class space    used 2627K, committed 2944K, reserved 1048576K
}
Event: 2.877 GC heap before
{Heap before GC invocations=16 (full 1):
 PSYoungGen      total 22528K, used 22496K [0x00000000d5580000, 0x00000000d6e00000, 0x0000000100000000)
  eden space 22016K, 100% used [0x00000000d5580000,0x00000000d6b00000,0x00000000d6b00000)
  from space 512K, 93% used [0x00000000d6d80000,0x00000000d6df8000,0x00000000d6e00000)
  to   space 512K, 0% used [0x00000000d6d00000,0x00000000d6d00000,0x00000000d6d80000)
 ParOldGen       total 68608K, used 19383K [0x0000000080000000, 0x0000000084300000, 0x00000000d5580000)
  object space 68608K, 28% used [0x0000000080000000,0x00000000812edfe0,0x0000000084300000)
 Metaspace       used 27522K, committed 28288K, reserved 1114112K
  class space    used 2646K, committed 2944K, reserved 1048576K
}
Event: 2.878 GC heap after
{Heap after GC invocations=16 (full 1):
 PSYoungGen      total 22528K, used 480K [0x00000000d5580000, 0x00000000d6e00000, 0x0000000100000000)
  eden space 22016K, 0% used [0x00000000d5580000,0x00000000d5580000,0x00000000d6b00000)
  from space 512K, 93% used [0x00000000d6d00000,0x00000000d6d78010,0x00000000d6d80000)
  to   space 512K, 0% used [0x00000000d6d80000,0x00000000d6d80000,0x00000000d6e00000)
 ParOldGen       total 68608K, used 19614K [0x0000000080000000, 0x0000000084300000, 0x00000000d5580000)
  object space 68608K, 28% used [0x0000000080000000,0x0000000081327bc8,0x0000000084300000)
 Metaspace       used 27522K, committed 28288K, reserved 1114112K
  class space    used 2646K, committed 2944K, reserved 1048576K
}
Event: 2.930 GC heap before
{Heap before GC invocations=17 (full 1):
 PSYoungGen      total 22528K, used 22496K [0x00000000d5580000, 0x00000000d6e00000, 0x0000000100000000)
  eden space 22016K, 100% used [0x00000000d5580000,0x00000000d6b00000,0x00000000d6b00000)
  from space 512K, 93% used [0x00000000d6d00000,0x00000000d6d78010,0x00000000d6d80000)
  to   space 512K, 0% used [0x00000000d6d80000,0x00000000d6d80000,0x00000000d6e00000)
 ParOldGen       total 68608K, used 19614K [0x0000000080000000, 0x0000000084300000, 0x00000000d5580000)
  object space 68608K, 28% used [0x0000000080000000,0x0000000081327bc8,0x0000000084300000)
 Metaspace       used 27872K, committed 28672K, reserved 1114112K
  class space    used 2669K, committed 3008K, reserved 1048576K
}
Event: 2.931 GC heap after
{Heap after GC invocations=17 (full 1):
 PSYoungGen      total 22528K, used 507K [0x00000000d5580000, 0x00000000d6e00000, 0x0000000100000000)
  eden space 22016K, 0% used [0x00000000d5580000,0x00000000d5580000,0x00000000d6b00000)
  from space 512K, 99% used [0x00000000d6d80000,0x00000000d6dfed50,0x00000000d6e00000)
  to   space 1024K, 0% used [0x00000000d6c00000,0x00000000d6c00000,0x00000000d6d00000)
 ParOldGen       total 68608K, used 19791K [0x0000000080000000, 0x0000000084300000, 0x00000000d5580000)
  object space 68608K, 28% used [0x0000000080000000,0x0000000081353c08,0x0000000084300000)
 Metaspace       used 27872K, committed 28672K, reserved 1114112K
  class space    used 2669K, committed 3008K, reserved 1048576K
}
Event: 3.079 GC heap before
{Heap before GC invocations=18 (full 1):
 PSYoungGen      total 22528K, used 22523K [0x00000000d5580000, 0x00000000d6e00000, 0x0000000100000000)
  eden space 22016K, 100% used [0x00000000d5580000,0x00000000d6b00000,0x00000000d6b00000)
  from space 512K, 99% used [0x00000000d6d80000,0x00000000d6dfed50,0x00000000d6e00000)
  to   space 1024K, 0% used [0x00000000d6c00000,0x00000000d6c00000,0x00000000d6d00000)
 ParOldGen       total 68608K, used 19791K [0x0000000080000000, 0x0000000084300000, 0x00000000d5580000)
  object space 68608K, 28% used [0x0000000080000000,0x0000000081353c08,0x0000000084300000)
 Metaspace       used 29187K, committed 30016K, reserved 1114112K
  class space    used 2785K, committed 3136K, reserved 1048576K
}
Event: 3.080 GC heap after
{Heap after GC invocations=18 (full 1):
 PSYoungGen      total 23040K, used 994K [0x00000000d5580000, 0x00000000d6e00000, 0x0000000100000000)
  eden space 22016K, 0% used [0x00000000d5580000,0x00000000d5580000,0x00000000d6b00000)
  from space 1024K, 97% used [0x00000000d6c00000,0x00000000d6cf8b10,0x00000000d6d00000)
  to   space 1024K, 0% used [0x00000000d6d00000,0x00000000d6d00000,0x00000000d6e00000)
 ParOldGen       total 68608K, used 20079K [0x0000000080000000, 0x0000000084300000, 0x00000000d5580000)
  object space 68608K, 29% used [0x0000000080000000,0x000000008139bc08,0x0000000084300000)
 Metaspace       used 29187K, committed 30016K, reserved 1114112K
  class space    used 2785K, committed 3136K, reserved 1048576K
}
Event: 3.168 GC heap before
{Heap before GC invocations=19 (full 1):
 PSYoungGen      total 23040K, used 23010K [0x00000000d5580000, 0x00000000d6e00000, 0x0000000100000000)
  eden space 22016K, 100% used [0x00000000d5580000,0x00000000d6b00000,0x00000000d6b00000)
  from space 1024K, 97% used [0x00000000d6c00000,0x00000000d6cf8b10,0x00000000d6d00000)
  to   space 1024K, 0% used [0x00000000d6d00000,0x00000000d6d00000,0x00000000d6e00000)
 ParOldGen       total 68608K, used 20079K [0x0000000080000000, 0x0000000084300000, 0x00000000d5580000)
  object space 68608K, 29% used [0x0000000080000000,0x000000008139bc08,0x0000000084300000)
 Metaspace       used 29814K, committed 30656K, reserved 1114112K
  class space    used 2857K, committed 3200K, reserved 1048576K
}
Event: 3.169 GC heap after
{Heap after GC invocations=19 (full 1):
 PSYoungGen      total 23040K, used 608K [0x00000000d5580000, 0x00000000d6e00000, 0x0000000100000000)
  eden space 22016K, 0% used [0x00000000d5580000,0x00000000d5580000,0x00000000d6b00000)
  from space 1024K, 59% used [0x00000000d6d00000,0x00000000d6d98000,0x00000000d6e00000)
  to   space 1024K, 0% used [0x00000000d6c00000,0x00000000d6c00000,0x00000000d6d00000)
 ParOldGen       total 68608K, used 20994K [0x0000000080000000, 0x0000000084300000, 0x00000000d5580000)
  object space 68608K, 30% used [0x0000000080000000,0x00000000814809b8,0x0000000084300000)
 Metaspace       used 29814K, committed 30656K, reserved 1114112K
  class space    used 2857K, committed 3200K, reserved 1048576K
}
Event: 3.340 GC heap before
{Heap before GC invocations=20 (full 1):
 PSYoungGen      total 23040K, used 22624K [0x00000000d5580000, 0x00000000d6e00000, 0x0000000100000000)
  eden space 22016K, 100% used [0x00000000d5580000,0x00000000d6b00000,0x00000000d6b00000)
  from space 1024K, 59% used [0x00000000d6d00000,0x00000000d6d98000,0x00000000d6e00000)
  to   space 1024K, 0% used [0x00000000d6c00000,0x00000000d6c00000,0x00000000d6d00000)
 ParOldGen       total 68608K, used 20994K [0x0000000080000000, 0x0000000084300000, 0x00000000d5580000)
  object space 68608K, 30% used [0x0000000080000000,0x00000000814809b8,0x0000000084300000)
 Metaspace       used 30448K, committed 31360K, reserved 1114112K
  class space    used 2938K, committed 3328K, reserved 1048576K
}
Event: 3.342 GC heap after
{Heap after GC invocations=20 (full 1):
 PSYoungGen      total 22528K, used 512K [0x00000000d5580000, 0x00000000d6d80000, 0x0000000100000000)
  eden space 22016K, 0% used [0x00000000d5580000,0x00000000d5580000,0x00000000d6b00000)
  from space 512K, 100% used [0x00000000d6c00000,0x00000000d6c80000,0x00000000d6c80000)
  to   space 1024K, 0% used [0x00000000d6c80000,0x00000000d6c80000,0x00000000d6d80000)
 ParOldGen       total 68608K, used 21314K [0x0000000080000000, 0x0000000084300000, 0x00000000d5580000)
  object space 68608K, 31% used [0x0000000080000000,0x00000000814d09c8,0x0000000084300000)
 Metaspace       used 30448K, committed 31360K, reserved 1114112K
  class space    used 2938K, committed 3328K, reserved 1048576K
}
Event: 3.424 GC heap before
{Heap before GC invocations=21 (full 1):
 PSYoungGen      total 22528K, used 22528K [0x00000000d5580000, 0x00000000d6d80000, 0x0000000100000000)
  eden space 22016K, 100% used [0x00000000d5580000,0x00000000d6b00000,0x00000000d6b00000)
  from space 512K, 100% used [0x00000000d6c00000,0x00000000d6c80000,0x00000000d6c80000)
  to   space 1024K, 0% used [0x00000000d6c80000,0x00000000d6c80000,0x00000000d6d80000)
 ParOldGen       total 68608K, used 21314K [0x0000000080000000, 0x0000000084300000, 0x00000000d5580000)
  object space 68608K, 31% used [0x0000000080000000,0x00000000814d09c8,0x0000000084300000)
 Metaspace       used 31434K, committed 32384K, reserved 1114112K
  class space    used 3047K, committed 3456K, reserved 1048576K
}
Event: 3.425 GC heap after
{Heap after GC invocations=21 (full 1):
 PSYoungGen      total 22528K, used 1019K [0x00000000d5580000, 0x00000000d6f00000, 0x0000000100000000)
  eden space 21504K, 0% used [0x00000000d5580000,0x00000000d5580000,0x00000000d6a80000)
  from space 1024K, 99% used [0x00000000d6c80000,0x00000000d6d7eeb0,0x00000000d6d80000)
  to   space 2048K, 0% used [0x00000000d6a80000,0x00000000d6a80000,0x00000000d6c80000)
 ParOldGen       total 68608K, used 21966K [0x0000000080000000, 0x0000000084300000, 0x00000000d5580000)
  object space 68608K, 32% used [0x0000000080000000,0x0000000081573870,0x0000000084300000)
 Metaspace       used 31434K, committed 32384K, reserved 1114112K
  class space    used 3047K, committed 3456K, reserved 1048576K
}
Event: 3.531 GC heap before
{Heap before GC invocations=22 (full 1):
 PSYoungGen      total 22528K, used 22523K [0x00000000d5580000, 0x00000000d6f00000, 0x0000000100000000)
  eden space 21504K, 100% used [0x00000000d5580000,0x00000000d6a80000,0x00000000d6a80000)
  from space 1024K, 99% used [0x00000000d6c80000,0x00000000d6d7eeb0,0x00000000d6d80000)
  to   space 2048K, 0% used [0x00000000d6a80000,0x00000000d6a80000,0x00000000d6c80000)
 ParOldGen       total 68608K, used 21966K [0x0000000080000000, 0x0000000084300000, 0x00000000d5580000)
  object space 68608K, 32% used [0x0000000080000000,0x0000000081573870,0x0000000084300000)
 Metaspace       used 32883K, committed 33920K, reserved 1114112K
  class space    used 3231K, committed 3648K, reserved 1048576K
}
Event: 3.533 GC heap after
{Heap after GC invocations=22 (full 1):
 PSYoungGen      total 22528K, used 619K [0x00000000d5580000, 0x00000000d6d00000, 0x0000000100000000)
  eden space 21504K, 0% used [0x00000000d5580000,0x00000000d5580000,0x00000000d6a80000)
  from space 1024K, 60% used [0x00000000d6a80000,0x00000000d6b1af30,0x00000000d6b80000)
  to   space 1024K, 0% used [0x00000000d6c00000,0x00000000d6c00000,0x00000000d6d00000)
 ParOldGen       total 68608K, used 22716K [0x0000000080000000, 0x0000000084300000, 0x00000000d5580000)
  object space 68608K, 33% used [0x0000000080000000,0x000000008162f110,0x0000000084300000)
 Metaspace       used 32883K, committed 33920K, reserved 1114112K
  class space    used 3231K, committed 3648K, reserved 1048576K
}
Event: 3.691 GC heap before
{Heap before GC invocations=23 (full 1):
 PSYoungGen      total 22528K, used 22123K [0x00000000d5580000, 0x00000000d6d00000, 0x0000000100000000)
  eden space 21504K, 100% used [0x00000000d5580000,0x00000000d6a80000,0x00000000d6a80000)
  from space 1024K, 60% used [0x00000000d6a80000,0x00000000d6b1af30,0x00000000d6b80000)
  to   space 1024K, 0% used [0x00000000d6c00000,0x00000000d6c00000,0x00000000d6d00000)
 ParOldGen       total 68608K, used 22716K [0x0000000080000000, 0x0000000084300000, 0x00000000d5580000)
  object space 68608K, 33% used [0x0000000080000000,0x000000008162f110,0x0000000084300000)
 Metaspace       used 34268K, committed 35328K, reserved 1114112K
  class space    used 3425K, committed 3840K, reserved 1048576K
}

