# JRE version: OpenJDK Runtime Environment Temurin-21.0.9+10 (21.0.9+10) (build 21.0.9+10-LTS)
# Java VM: OpenJDK 64-Bit Server VM Temurin-21.0.9+10 (21.0.9+10-LTS, mixed mode, sharing, tiered, compressed oops, compressed class ptrs, parallel gc, windows-amd64)
GC Precious Log:
 CardTable entry size: 512
 CPUs: 16 total, 16 available
 Memory: 16088M
 Large Page Support: Disabled
 NUMA Support: Disabled
 Compressed Oops: Enabled (32-bit)
 Alignments: Space 512K, Generation 512K, Heap 2M
 Heap Min Capacity: 100M
 Heap Initial Capacity: 100M
 Heap Max Capacity: 2G
 Pre-touch: Disabled
 Parallel Workers: 13
Heap:
 PSYoungGen      total 20480K, used 11472K [0x00000000d5580000, 0x00000000d6e00000, 0x0000000100000000)
  eden space 19968K, 57% used [0x00000000d5580000,0x00000000d60b4008,0x00000000d6900000)
  from space 512K, 0% used [0x00000000d6b00000,0x00000000d6b00000,0x00000000d6b80000)
  to   space 2048K, 0% used [0x00000000d6900000,0x00000000d6900000,0x00000000d6b00000)
 ParOldGen       total 68608K, used 23530K [0x0000000080000000, 0x0000000084300000, 0x00000000d5580000)
  object space 68608K, 34% used [0x0000000080000000,0x00000000816fa918,0x0000000084300000)
 Metaspace       used 35895K, committed 37056K, reserved 1114112K
  class space    used 3649K, committed 4096K, reserved 1048576K
GC Heap History (20 events):
Event: 3.718 GC heap before
{Heap before GC invocations=21 (full 1):
 PSYoungGen      total 21504K, used 21433K [0x00000000d5580000, 0x00000000d6c80000, 0x0000000100000000)
  eden space 20992K, 99% used [0x00000000d5580000,0x00000000d69fe520,0x00000000d6a00000)
  from space 512K, 87% used [0x00000000d6b80000,0x00000000d6bf0000,0x00000000d6c00000)
  to   space 512K, 0% used [0x00000000d6c00000,0x00000000d6c00000,0x00000000d6c80000)
 ParOldGen       total 68608K, used 21905K [0x0000000080000000, 0x0000000084300000, 0x00000000d5580000)
  object space 68608K, 31% used [0x0000000080000000,0x00000000815647a0,0x0000000084300000)
 Metaspace       used 30216K, committed 31104K, reserved 1114112K
  class space    used 2903K, committed 3264K, reserved 1048576K
}
Event: 3.719 GC heap after
{Heap after GC invocations=21 (full 1):
 PSYoungGen      total 21504K, used 501K [0x00000000d5580000, 0x00000000d6c80000, 0x0000000100000000)
  eden space 20992K, 0% used [0x00000000d5580000,0x00000000d5580000,0x00000000d6a00000)
  from space 512K, 98% used [0x00000000d6c00000,0x00000000d6c7d798,0x00000000d6c80000)
  to   space 1024K, 0% used [0x00000000d6a80000,0x00000000d6a80000,0x00000000d6b80000)
 ParOldGen       total 68608K, used 22177K [0x0000000080000000, 0x0000000084300000, 0x00000000d5580000)
  object space 68608K, 32% used [0x0000000080000000,0x00000000815a87a0,0x0000000084300000)
 Metaspace       used 30216K, committed 31104K, reserved 1114112K
  class space    used 2903K, committed 3264K, reserved 1048576K
}
Event: 3.832 GC heap before
{Heap before GC invocations=22 (full 1):
 PSYoungGen      total 21504K, used 21493K [0x00000000d5580000, 0x00000000d6c80000, 0x0000000100000000)
  eden space 20992K, 100% used [0x00000000d5580000,0x00000000d6a00000,0x00000000d6a00000)
  from space 512K, 98% used [0x00000000d6c00000,0x00000000d6c7d798,0x00000000d6c80000)
  to   space 1024K, 0% used [0x00000000d6a80000,0x00000000d6a80000,0x00000000d6b80000)
 ParOldGen       total 68608K, used 22177K [0x0000000080000000, 0x0000000084300000, 0x00000000d5580000)
  object space 68608K, 32% used [0x0000000080000000,0x00000000815a87a0,0x0000000084300000)
 Metaspace       used 30900K, committed 31872K, reserved 1114112K
  class space    used 2995K, committed 3392K, reserved 1048576K
}
Event: 3.833 GC heap after
{Heap after GC invocations=22 (full 1):
 PSYoungGen      total 22016K, used 605K [0x00000000d5580000, 0x00000000d6c80000, 0x0000000100000000)
  eden space 20992K, 0% used [0x00000000d5580000,0x00000000d5580000,0x00000000d6a00000)
  from space 1024K, 59% used [0x00000000d6a80000,0x00000000d6b17510,0x00000000d6b80000)
  to   space 1024K, 0% used [0x00000000d6b80000,0x00000000d6b80000,0x00000000d6c80000)
 ParOldGen       total 68608K, used 22351K [0x0000000080000000, 0x0000000084300000, 0x00000000d5580000)
  object space 68608K, 32% used [0x0000000080000000,0x00000000815d3d28,0x0000000084300000)
 Metaspace       used 30900K, committed 31872K, reserved 1114112K
  class space    used 2995K, committed 3392K, reserved 1048576K
}
Event: 3.919 GC heap before
{Heap before GC invocations=23 (full 1):
 PSYoungGen      total 22016K, used 21597K [0x00000000d5580000, 0x00000000d6c80000, 0x0000000100000000)
  eden space 20992K, 100% used [0x00000000d5580000,0x00000000d6a00000,0x00000000d6a00000)
  from space 1024K, 59% used [0x00000000d6a80000,0x00000000d6b17510,0x00000000d6b80000)
  to   space 1024K, 0% used [0x00000000d6b80000,0x00000000d6b80000,0x00000000d6c80000)
 ParOldGen       total 68608K, used 22351K [0x0000000080000000, 0x0000000084300000, 0x00000000d5580000)
  object space 68608K, 32% used [0x0000000080000000,0x00000000815d3d28,0x0000000084300000)
 Metaspace       used 31951K, committed 33024K, reserved 1114112K
  class space    used 3110K, committed 3584K, reserved 1048576K
}
Event: 3.920 GC heap after
{Heap after GC invocations=23 (full 1):
 PSYoungGen      total 22016K, used 1012K [0x00000000d5580000, 0x00000000d6d00000, 0x0000000100000000)
  eden space 20992K, 0% used [0x00000000d5580000,0x00000000d5580000,0x00000000d6a00000)
  from space 1024K, 98% used [0x00000000d6b80000,0x00000000d6c7d138,0x00000000d6c80000)
  to   space 1536K, 0% used [0x00000000d6a00000,0x00000000d6a00000,0x00000000d6b80000)
 ParOldGen       total 68608K, used 22697K [0x0000000080000000, 0x0000000084300000, 0x00000000d5580000)
  object space 68608K, 33% used [0x0000000080000000,0x000000008162a480,0x0000000084300000)
 Metaspace       used 31951K, committed 33024K, reserved 1114112K
  class space    used 3110K, committed 3584K, reserved 1048576K
}
Event: 3.959 GC heap before
{Heap before GC invocations=24 (full 1):
 PSYoungGen      total 22016K, used 22004K [0x00000000d5580000, 0x00000000d6d00000, 0x0000000100000000)
  eden space 20992K, 100% used [0x00000000d5580000,0x00000000d6a00000,0x00000000d6a00000)
  from space 1024K, 98% used [0x00000000d6b80000,0x00000000d6c7d138,0x00000000d6c80000)
  to   space 1536K, 0% used [0x00000000d6a00000,0x00000000d6a00000,0x00000000d6b80000)
 ParOldGen       total 68608K, used 22697K [0x0000000080000000, 0x0000000084300000, 0x00000000d5580000)
  object space 68608K, 33% used [0x0000000080000000,0x000000008162a480,0x0000000084300000)
 Metaspace       used 32298K, committed 33408K, reserved 1114112K
  class space    used 3158K, committed 3648K, reserved 1048576K
}
Event: 3.960 GC heap after
{Heap after GC invocations=24 (full 1):
 PSYoungGen      total 22016K, used 812K [0x00000000d5580000, 0x00000000d6c00000, 0x0000000100000000)
  eden space 20992K, 0% used [0x00000000d5580000,0x00000000d5580000,0x00000000d6a00000)
  from space 1024K, 79% used [0x00000000d6a00000,0x00000000d6acb230,0x00000000d6b00000)
  to   space 1024K, 0% used [0x00000000d6b00000,0x00000000d6b00000,0x00000000d6c00000)
 ParOldGen       total 68608K, used 23421K [0x0000000080000000, 0x0000000084300000, 0x00000000d5580000)
  object space 68608K, 34% used [0x0000000080000000,0x00000000816df5c8,0x0000000084300000)
 Metaspace       used 32298K, committed 33408K, reserved 1114112K
  class space    used 3158K, committed 3648K, reserved 1048576K
}
Event: 4.020 GC heap before
{Heap before GC invocations=25 (full 1):
 PSYoungGen      total 22016K, used 21804K [0x00000000d5580000, 0x00000000d6c00000, 0x0000000100000000)
  eden space 20992K, 100% used [0x00000000d5580000,0x00000000d6a00000,0x00000000d6a00000)
  from space 1024K, 79% used [0x00000000d6a00000,0x00000000d6acb230,0x00000000d6b00000)
  to   space 1024K, 0% used [0x00000000d6b00000,0x00000000d6b00000,0x00000000d6c00000)
 ParOldGen       total 68608K, used 23421K [0x0000000080000000, 0x0000000084300000, 0x00000000d5580000)
  object space 68608K, 34% used [0x0000000080000000,0x00000000816df5c8,0x0000000084300000)
 Metaspace       used 33121K, committed 34176K, reserved 1114112K
  class space    used 3265K, committed 3712K, reserved 1048576K
}
Event: 4.021 GC heap after
{Heap after GC invocations=25 (full 1):
 PSYoungGen      total 22016K, used 480K [0x00000000d5580000, 0x00000000d6c00000, 0x0000000100000000)
  eden space 20992K, 0% used [0x00000000d5580000,0x00000000d5580000,0x00000000d6a00000)
  from space 1024K, 46% used [0x00000000d6b00000,0x00000000d6b78000,0x00000000d6c00000)
  to   space 1024K, 0% used [0x00000000d6a00000,0x00000000d6a00000,0x00000000d6b00000)
 ParOldGen       total 68608K, used 23865K [0x0000000080000000, 0x0000000084300000, 0x00000000d5580000)
  object space 68608K, 34% used [0x0000000080000000,0x000000008174e7f8,0x0000000084300000)
 Metaspace       used 33121K, committed 34176K, reserved 1114112K
  class space    used 3265K, committed 3712K, reserved 1048576K
}
Event: 4.073 GC heap before
{Heap before GC invocations=26 (full 1):
 PSYoungGen      total 22016K, used 21472K [0x00000000d5580000, 0x00000000d6c00000, 0x0000000100000000)
  eden space 20992K, 100% used [0x00000000d5580000,0x00000000d6a00000,0x00000000d6a00000)
  from space 1024K, 46% used [0x00000000d6b00000,0x00000000d6b78000,0x00000000d6c00000)
  to   space 1024K, 0% used [0x00000000d6a00000,0x00000000d6a00000,0x00000000d6b00000)
 ParOldGen       total 68608K, used 23865K [0x0000000080000000, 0x0000000084300000, 0x00000000d5580000)
  object space 68608K, 34% used [0x0000000080000000,0x000000008174e7f8,0x0000000084300000)
 Metaspace       used 33708K, committed 34752K, reserved 1114112K
  class space    used 3354K, committed 3776K, reserved 1048576K
}
Event: 4.074 GC heap after
{Heap after GC invocations=26 (full 1):
 PSYoungGen      total 22016K, used 352K [0x00000000d5580000, 0x00000000d6b80000, 0x0000000100000000)
  eden space 20992K, 0% used [0x00000000d5580000,0x00000000d5580000,0x00000000d6a00000)
  from space 1024K, 34% used [0x00000000d6a00000,0x00000000d6a58000,0x00000000d6b00000)
  to   space 512K, 0% used [0x00000000d6b00000,0x00000000d6b00000,0x00000000d6b80000)
 ParOldGen       total 68608K, used 24017K [0x0000000080000000, 0x0000000084300000, 0x00000000d5580000)
  object space 68608K, 35% used [0x0000000080000000,0x00000000817747f8,0x0000000084300000)
 Metaspace       used 33708K, committed 34752K, reserved 1114112K
  class space    used 3354K, committed 3776K, reserved 1048576K
}
Event: 4.124 GC heap before
{Heap before GC invocations=27 (full 1):
 PSYoungGen      total 22016K, used 21339K [0x00000000d5580000, 0x00000000d6b80000, 0x0000000100000000)
  eden space 20992K, 99% used [0x00000000d5580000,0x00000000d69fed50,0x00000000d6a00000)
  from space 1024K, 34% used [0x00000000d6a00000,0x00000000d6a58000,0x00000000d6b00000)
  to   space 512K, 0% used [0x00000000d6b00000,0x00000000d6b00000,0x00000000d6b80000)
 ParOldGen       total 68608K, used 24017K [0x0000000080000000, 0x0000000084300000, 0x00000000d5580000)
  object space 68608K, 35% used [0x0000000080000000,0x00000000817747f8,0x0000000084300000)
 Metaspace       used 34233K, committed 35392K, reserved 1114112K
  class space    used 3435K, committed 3904K, reserved 1048576K
}
Event: 4.125 GC heap after
{Heap after GC invocations=27 (full 1):
 PSYoungGen      total 21504K, used 512K [0x00000000d5580000, 0x00000000d6c00000, 0x0000000100000000)
  eden space 20992K, 0% used [0x00000000d5580000,0x00000000d5580000,0x00000000d6a00000)
  from space 512K, 100% used [0x00000000d6b00000,0x00000000d6b80000,0x00000000d6b80000)
  to   space 1024K, 0% used [0x00000000d6a00000,0x00000000d6a00000,0x00000000d6b00000)
 ParOldGen       total 68608K, used 24145K [0x0000000080000000, 0x0000000084300000, 0x00000000d5580000)
  object space 68608K, 35% used [0x0000000080000000,0x00000000817947f8,0x0000000084300000)
 Metaspace       used 34233K, committed 35392K, reserved 1114112K
  class space    used 3435K, committed 3904K, reserved 1048576K
}
Event: 4.177 GC heap before
{Heap before GC invocations=28 (full 1):
 PSYoungGen      total 21504K, used 21504K [0x00000000d5580000, 0x00000000d6c00000, 0x0000000100000000)
  eden space 20992K, 100% used [0x00000000d5580000,0x00000000d6a00000,0x00000000d6a00000)
  from space 512K, 100% used [0x00000000d6b00000,0x00000000d6b80000,0x00000000d6b80000)
  to   space 1024K, 0% used [0x00000000d6a00000,0x00000000d6a00000,0x00000000d6b00000)
 ParOldGen       total 68608K, used 24145K [0x0000000080000000, 0x0000000084300000, 0x00000000d5580000)
  object space 68608K, 35% used [0x0000000080000000,0x00000000817947f8,0x0000000084300000)
 Metaspace       used 34593K, committed 35712K, reserved 1114112K
  class space    used 3479K, committed 3904K, reserved 1048576K
}
Event: 4.179 GC heap after
{Heap after GC invocations=28 (full 1):
 PSYoungGen      total 22016K, used 480K [0x00000000d5580000, 0x00000000d6b80000, 0x0000000100000000)
  eden space 20992K, 0% used [0x00000000d5580000,0x00000000d5580000,0x00000000d6a00000)
  from space 1024K, 46% used [0x00000000d6a00000,0x00000000d6a78000,0x00000000d6b00000)
  to   space 512K, 0% used [0x00000000d6b00000,0x00000000d6b00000,0x00000000d6b80000)
 ParOldGen       total 68608K, used 24314K [0x0000000080000000, 0x0000000084300000, 0x00000000d5580000)
  object space 68608K, 35% used [0x0000000080000000,0x00000000817be838,0x0000000084300000)
 Metaspace       used 34593K, committed 35712K, reserved 1114112K
  class space    used 3479K, committed 3904K, reserved 1048576K
}
Event: 4.215 GC heap before
{Heap before GC invocations=29 (full 1):
 PSYoungGen      total 22016K, used 17640K [0x00000000d5580000, 0x00000000d6b80000, 0x0000000100000000)
  eden space 20992K, 81% used [0x00000000d5580000,0x00000000d6642010,0x00000000d6a00000)
  from space 1024K, 46% used [0x00000000d6a00000,0x00000000d6a78000,0x00000000d6b00000)
  to   space 512K, 0% used [0x00000000d6b00000,0x00000000d6b00000,0x00000000d6b80000)
 ParOldGen       total 68608K, used 24314K [0x0000000080000000, 0x0000000084300000, 0x00000000d5580000)
  object space 68608K, 35% used [0x0000000080000000,0x00000000817be838,0x0000000084300000)
 Metaspace       used 34754K, committed 35840K, reserved 1114112K
  class space    used 3500K, committed 3968K, reserved 1048576K
}
Event: 4.216 GC heap after
{Heap after GC invocations=29 (full 1):
 PSYoungGen      total 20480K, used 512K [0x00000000d5580000, 0x00000000d6e00000, 0x0000000100000000)
  eden space 19968K, 0% used [0x00000000d5580000,0x00000000d5580000,0x00000000d6900000)
  from space 512K, 100% used [0x00000000d6b00000,0x00000000d6b80000,0x00000000d6b80000)
  to   space 2048K, 0% used [0x00000000d6900000,0x00000000d6900000,0x00000000d6b00000)
 ParOldGen       total 68608K, used 25194K [0x0000000080000000, 0x0000000084300000, 0x00000000d5580000)
  object space 68608K, 36% used [0x0000000080000000,0x000000008189a848,0x0000000084300000)
 Metaspace       used 34754K, committed 35840K, reserved 1114112K
  class space    used 3500K, committed 3968K, reserved 1048576K
}
Event: 4.216 GC heap before
{Heap before GC invocations=30 (full 2):
 PSYoungGen      total 20480K, used 512K [0x00000000d5580000, 0x00000000d6e00000, 0x0000000100000000)
  eden space 19968K, 0% used [0x00000000d5580000,0x00000000d5580000,0x00000000d6900000)
  from space 512K, 100% used [0x00000000d6b00000,0x00000000d6b80000,0x00000000d6b80000)
  to   space 2048K, 0% used [0x00000000d6900000,0x00000000d6900000,0x00000000d6b00000)
 ParOldGen       total 68608K, used 25194K [0x0000000080000000, 0x0000000084300000, 0x00000000d5580000)
  object space 68608K, 36% used [0x0000000080000000,0x000000008189a848,0x0000000084300000)
 Metaspace       used 34754K, committed 35840K, reserved 1114112K
  class space    used 3500K, committed 3968K, reserved 1048576K
}
Event: 4.248 GC heap after
{Heap after GC invocations=30 (full 2):
 PSYoungGen      total 20480K, used 0K [0x00000000d5580000, 0x00000000d6e00000, 0x0000000100000000)
  eden space 19968K, 0% used [0x00000000d5580000,0x00000000d5580000,0x00000000d6900000)
  from space 512K, 0% used [0x00000000d6b00000,0x00000000d6b00000,0x00000000d6b80000)
  to   space 2048K, 0% used [0x00000000d6900000,0x00000000d6900000,0x00000000d6b00000)
 ParOldGen       total 68608K, used 23530K [0x0000000080000000, 0x0000000084300000, 0x00000000d5580000)
  object space 68608K, 34% used [0x0000000080000000,0x00000000816fa918,0x0000000084300000)
 Metaspace       used 34753K, committed 35840K, reserved 1114112K
  class space    used 3499K, committed 3968K, reserved 1048576K
}

