# JRE version: OpenJDK Runtime Environment Temurin-21.0.9+10 (21.0.9+10) (build 21.0.9+10-LTS)
# Java VM: OpenJDK 64-Bit Server VM Temurin-21.0.9+10 (21.0.9+10-LTS, mixed mode, sharing, tiered, compressed oops, compressed class ptrs, parallel gc, windows-amd64)
GC Precious Log:
 CardTable entry size: 512
 CPUs: 16 total, 16 available
 Memory: 16088M
 Large Page Support: Disabled
 NUMA Support: Disabled
 Compressed Oops: Enabled (32-bit)
 Alignments: Space 512K, Generation 512K, Heap 2M
 Heap Min Capacity: 100M
 Heap Initial Capacity: 100M
 Heap Max Capacity: 2G
 Pre-touch: Disabled
 Parallel Workers: 13
Heap:
 PSYoungGen      total 19456K, used 8514K [0x00000000d5580000, 0x00000000d6d00000, 0x0000000100000000)
  eden space 18432K, 41% used [0x00000000d5580000,0x00000000d5cf23d0,0x00000000d6780000)
  from space 1024K, 86% used [0x00000000d6780000,0x00000000d685e4b0,0x00000000d6880000)
  to   space 2560K, 0% used [0x00000000d6a80000,0x00000000d6a80000,0x00000000d6d00000)
 ParOldGen       total 68608K, used 58387K [0x0000000080000000, 0x0000000084300000, 0x00000000d5580000)
  object space 68608K, 85% used [0x0000000080000000,0x0000000083904d60,0x0000000084300000)
 Metaspace       used 63122K, committed 64512K, reserved 1114112K
  class space    used 7353K, committed 7936K, reserved 1048576K
GC Heap History (20 events):
Event: 79.222 GC heap before
{Heap before GC invocations=37 (full 3):
 PSYoungGen      total 21504K, used 20544K [0x00000000d5580000, 0x00000000d6c00000, 0x0000000100000000)
  eden space 20480K, 100% used [0x00000000d5580000,0x00000000d6980000,0x00000000d6980000)
  from space 1024K, 6% used [0x00000000d6a00000,0x00000000d6a10000,0x00000000d6b00000)
  to   space 512K, 0% used [0x00000000d6b80000,0x00000000d6b80000,0x00000000d6c00000)
 ParOldGen       total 68608K, used 44022K [0x0000000080000000, 0x0000000084300000, 0x00000000d5580000)
  object space 68608K, 64% used [0x0000000080000000,0x0000000082afdb30,0x0000000084300000)
 Metaspace       used 58732K, committed 60096K, reserved 1114112K
  class space    used 6884K, committed 7488K, reserved 1048576K
}
Event: 79.223 GC heap after
{Heap after GC invocations=37 (full 3):
 PSYoungGen      total 20992K, used 256K [0x00000000d5580000, 0x00000000d6c00000, 0x0000000100000000)
  eden space 20480K, 0% used [0x00000000d5580000,0x00000000d5580000,0x00000000d6980000)
  from space 512K, 50% used [0x00000000d6b80000,0x00000000d6bc0000,0x00000000d6c00000)
  to   space 512K, 0% used [0x00000000d6b00000,0x00000000d6b00000,0x00000000d6b80000)
 ParOldGen       total 68608K, used 44038K [0x0000000080000000, 0x0000000084300000, 0x00000000d5580000)
  object space 68608K, 64% used [0x0000000080000000,0x0000000082b01b30,0x0000000084300000)
 Metaspace       used 58732K, committed 60096K, reserved 1114112K
  class space    used 6884K, committed 7488K, reserved 1048576K
}
Event: 79.325 GC heap before
{Heap before GC invocations=38 (full 3):
 PSYoungGen      total 20992K, used 20736K [0x00000000d5580000, 0x00000000d6c00000, 0x0000000100000000)
  eden space 20480K, 100% used [0x00000000d5580000,0x00000000d6980000,0x00000000d6980000)
  from space 512K, 50% used [0x00000000d6b80000,0x00000000d6bc0000,0x00000000d6c00000)
  to   space 512K, 0% used [0x00000000d6b00000,0x00000000d6b00000,0x00000000d6b80000)
 ParOldGen       total 68608K, used 44038K [0x0000000080000000, 0x0000000084300000, 0x00000000d5580000)
  object space 68608K, 64% used [0x0000000080000000,0x0000000082b01b30,0x0000000084300000)
 Metaspace       used 59102K, committed 60416K, reserved 1114112K
  class space    used 6923K, committed 7488K, reserved 1048576K
}
Event: 79.326 GC heap after
{Heap after GC invocations=38 (full 3):
 PSYoungGen      total 20992K, used 505K [0x00000000d5580000, 0x00000000d6c00000, 0x0000000100000000)
  eden space 20480K, 0% used [0x00000000d5580000,0x00000000d5580000,0x00000000d6980000)
  from space 512K, 98% used [0x00000000d6b00000,0x00000000d6b7e468,0x00000000d6b80000)
  to   space 512K, 0% used [0x00000000d6b80000,0x00000000d6b80000,0x00000000d6c00000)
 ParOldGen       total 68608K, used 44086K [0x0000000080000000, 0x0000000084300000, 0x00000000d5580000)
  object space 68608K, 64% used [0x0000000080000000,0x0000000082b0db30,0x0000000084300000)
 Metaspace       used 59102K, committed 60416K, reserved 1114112K
  class space    used 6923K, committed 7488K, reserved 1048576K
}
Event: 79.553 GC heap before
{Heap before GC invocations=39 (full 3):
 PSYoungGen      total 20992K, used 20985K [0x00000000d5580000, 0x00000000d6c00000, 0x0000000100000000)
  eden space 20480K, 100% used [0x00000000d5580000,0x00000000d6980000,0x00000000d6980000)
  from space 512K, 98% used [0x00000000d6b00000,0x00000000d6b7e468,0x00000000d6b80000)
  to   space 512K, 0% used [0x00000000d6b80000,0x00000000d6b80000,0x00000000d6c00000)
 ParOldGen       total 68608K, used 44086K [0x0000000080000000, 0x0000000084300000, 0x00000000d5580000)
  object space 68608K, 64% used [0x0000000080000000,0x0000000082b0db30,0x0000000084300000)
 Metaspace       used 60551K, committed 61952K, reserved 1114112K
  class space    used 7075K, committed 7616K, reserved 1048576K
}
Event: 79.557 GC heap after
{Heap after GC invocations=39 (full 3):
 PSYoungGen      total 20992K, used 496K [0x00000000d5580000, 0x00000000d6d80000, 0x0000000100000000)
  eden space 20480K, 0% used [0x00000000d5580000,0x00000000d5580000,0x00000000d6980000)
  from space 512K, 96% used [0x00000000d6b80000,0x00000000d6bfc010,0x00000000d6c00000)
  to   space 2048K, 0% used [0x00000000d6980000,0x00000000d6980000,0x00000000d6b80000)
 ParOldGen       total 68608K, used 44989K [0x0000000080000000, 0x0000000084300000, 0x00000000d5580000)
  object space 68608K, 65% used [0x0000000080000000,0x0000000082bef778,0x0000000084300000)
 Metaspace       used 60551K, committed 61952K, reserved 1114112K
  class space    used 7075K, committed 7616K, reserved 1048576K
}
Event: 79.663 GC heap before
{Heap before GC invocations=40 (full 3):
 PSYoungGen      total 20992K, used 20976K [0x00000000d5580000, 0x00000000d6d80000, 0x0000000100000000)
  eden space 20480K, 100% used [0x00000000d5580000,0x00000000d6980000,0x00000000d6980000)
  from space 512K, 96% used [0x00000000d6b80000,0x00000000d6bfc010,0x00000000d6c00000)
  to   space 2048K, 0% used [0x00000000d6980000,0x00000000d6980000,0x00000000d6b80000)
 ParOldGen       total 68608K, used 44989K [0x0000000080000000, 0x0000000084300000, 0x00000000d5580000)
  object space 68608K, 65% used [0x0000000080000000,0x0000000082bef778,0x0000000084300000)
 Metaspace       used 60819K, committed 62208K, reserved 1114112K
  class space    used 7101K, committed 7680K, reserved 1048576K
}
Event: 79.665 GC heap after
{Heap after GC invocations=40 (full 3):
 PSYoungGen      total 22528K, used 2016K [0x00000000d5580000, 0x00000000d6f80000, 0x0000000100000000)
  eden space 20480K, 0% used [0x00000000d5580000,0x00000000d5580000,0x00000000d6980000)
  from space 2048K, 98% used [0x00000000d6980000,0x00000000d6b78030,0x00000000d6b80000)
  to   space 3072K, 0% used [0x00000000d6c80000,0x00000000d6c80000,0x00000000d6f80000)
 ParOldGen       total 68608K, used 45403K [0x0000000080000000, 0x0000000084300000, 0x00000000d5580000)
  object space 68608K, 66% used [0x0000000080000000,0x0000000082c56db0,0x0000000084300000)
 Metaspace       used 60819K, committed 62208K, reserved 1114112K
  class space    used 7101K, committed 7680K, reserved 1048576K
}
Event: 79.792 GC heap before
{Heap before GC invocations=41 (full 3):
 PSYoungGen      total 22528K, used 22496K [0x00000000d5580000, 0x00000000d6f80000, 0x0000000100000000)
  eden space 20480K, 100% used [0x00000000d5580000,0x00000000d6980000,0x00000000d6980000)
  from space 2048K, 98% used [0x00000000d6980000,0x00000000d6b78030,0x00000000d6b80000)
  to   space 3072K, 0% used [0x00000000d6c80000,0x00000000d6c80000,0x00000000d6f80000)
 ParOldGen       total 68608K, used 45403K [0x0000000080000000, 0x0000000084300000, 0x00000000d5580000)
  object space 68608K, 66% used [0x0000000080000000,0x0000000082c56db0,0x0000000084300000)
 Metaspace       used 61239K, committed 62592K, reserved 1114112K
  class space    used 7166K, committed 7744K, reserved 1048576K
}
Event: 79.795 GC heap after
{Heap after GC invocations=41 (full 3):
 PSYoungGen      total 23552K, used 2769K [0x00000000d5580000, 0x00000000d6f80000, 0x0000000100000000)
  eden space 20480K, 0% used [0x00000000d5580000,0x00000000d5580000,0x00000000d6980000)
  from space 3072K, 90% used [0x00000000d6c80000,0x00000000d6f34460,0x00000000d6f80000)
  to   space 3072K, 0% used [0x00000000d6980000,0x00000000d6980000,0x00000000d6c80000)
 ParOldGen       total 68608K, used 47339K [0x0000000080000000, 0x0000000084300000, 0x00000000d5580000)
  object space 68608K, 68% used [0x0000000080000000,0x0000000082e3add0,0x0000000084300000)
 Metaspace       used 61239K, committed 62592K, reserved 1114112K
  class space    used 7166K, committed 7744K, reserved 1048576K
}
Event: 79.833 GC heap before
{Heap before GC invocations=42 (full 3):
 PSYoungGen      total 23552K, used 23249K [0x00000000d5580000, 0x00000000d6f80000, 0x0000000100000000)
  eden space 20480K, 100% used [0x00000000d5580000,0x00000000d6980000,0x00000000d6980000)
  from space 3072K, 90% used [0x00000000d6c80000,0x00000000d6f34460,0x00000000d6f80000)
  to   space 3072K, 0% used [0x00000000d6980000,0x00000000d6980000,0x00000000d6c80000)
 ParOldGen       total 68608K, used 47339K [0x0000000080000000, 0x0000000084300000, 0x00000000d5580000)
  object space 68608K, 68% used [0x0000000080000000,0x0000000082e3add0,0x0000000084300000)
 Metaspace       used 61268K, committed 62656K, reserved 1114112K
  class space    used 7167K, committed 7744K, reserved 1048576K
}
Event: 79.836 GC heap after
{Heap after GC invocations=42 (full 3):
 PSYoungGen      total 23552K, used 2530K [0x00000000d5580000, 0x00000000d6f80000, 0x0000000100000000)
  eden space 20480K, 0% used [0x00000000d5580000,0x00000000d5580000,0x00000000d6980000)
  from space 3072K, 82% used [0x00000000d6980000,0x00000000d6bf8800,0x00000000d6c80000)
  to   space 3072K, 0% used [0x00000000d6c80000,0x00000000d6c80000,0x00000000d6f80000)
 ParOldGen       total 68608K, used 49789K [0x0000000080000000, 0x0000000084300000, 0x00000000d5580000)
  object space 68608K, 72% used [0x0000000080000000,0x000000008309f4a0,0x0000000084300000)
 Metaspace       used 61268K, committed 62656K, reserved 1114112K
  class space    used 7167K, committed 7744K, reserved 1048576K
}
Event: 79.865 GC heap before
{Heap before GC invocations=43 (full 3):
 PSYoungGen      total 23552K, used 23010K [0x00000000d5580000, 0x00000000d6f80000, 0x0000000100000000)
  eden space 20480K, 100% used [0x00000000d5580000,0x00000000d6980000,0x00000000d6980000)
  from space 3072K, 82% used [0x00000000d6980000,0x00000000d6bf8800,0x00000000d6c80000)
  to   space 3072K, 0% used [0x00000000d6c80000,0x00000000d6c80000,0x00000000d6f80000)
 ParOldGen       total 68608K, used 49789K [0x0000000080000000, 0x0000000084300000, 0x00000000d5580000)
  object space 68608K, 72% used [0x0000000080000000,0x000000008309f4a0,0x0000000084300000)
 Metaspace       used 61299K, committed 62656K, reserved 1114112K
  class space    used 7167K, committed 7744K, reserved 1048576K
}
Event: 79.868 GC heap after
{Heap after GC invocations=43 (full 3):
 PSYoungGen      total 23040K, used 2436K [0x00000000d5580000, 0x00000000d6f00000, 0x0000000100000000)
  eden space 20480K, 0% used [0x00000000d5580000,0x00000000d5580000,0x00000000d6980000)
  from space 2560K, 95% used [0x00000000d6c80000,0x00000000d6ee1000,0x00000000d6f00000)
  to   space 2560K, 0% used [0x00000000d6a00000,0x00000000d6a00000,0x00000000d6c80000)
 ParOldGen       total 68608K, used 51992K [0x0000000080000000, 0x0000000084300000, 0x00000000d5580000)
  object space 68608K, 75% used [0x0000000080000000,0x00000000832c61b0,0x0000000084300000)
 Metaspace       used 61299K, committed 62656K, reserved 1114112K
  class space    used 7167K, committed 7744K, reserved 1048576K
}
Event: 79.903 GC heap before
{Heap before GC invocations=44 (full 3):
 PSYoungGen      total 23040K, used 22916K [0x00000000d5580000, 0x00000000d6f00000, 0x0000000100000000)
  eden space 20480K, 100% used [0x00000000d5580000,0x00000000d6980000,0x00000000d6980000)
  from space 2560K, 95% used [0x00000000d6c80000,0x00000000d6ee1000,0x00000000d6f00000)
  to   space 2560K, 0% used [0x00000000d6a00000,0x00000000d6a00000,0x00000000d6c80000)
 ParOldGen       total 68608K, used 51992K [0x0000000080000000, 0x0000000084300000, 0x00000000d5580000)
  object space 68608K, 75% used [0x0000000080000000,0x00000000832c61b0,0x0000000084300000)
 Metaspace       used 61360K, committed 62784K, reserved 1114112K
  class space    used 7167K, committed 7744K, reserved 1048576K
}
Event: 79.906 GC heap after
{Heap after GC invocations=44 (full 3):
 PSYoungGen      total 23040K, used 2496K [0x00000000d5580000, 0x00000000d6e80000, 0x0000000100000000)
  eden space 20480K, 0% used [0x00000000d5580000,0x00000000d5580000,0x00000000d6980000)
  from space 2560K, 97% used [0x00000000d6a00000,0x00000000d6c70010,0x00000000d6c80000)
  to   space 2048K, 0% used [0x00000000d6c80000,0x00000000d6c80000,0x00000000d6e80000)
 ParOldGen       total 68608K, used 54245K [0x0000000080000000, 0x0000000084300000, 0x00000000d5580000)
  object space 68608K, 79% used [0x0000000080000000,0x00000000834f97d8,0x0000000084300000)
 Metaspace       used 61360K, committed 62784K, reserved 1114112K
  class space    used 7167K, committed 7744K, reserved 1048576K
}
Event: 79.954 GC heap before
{Heap before GC invocations=45 (full 3):
 PSYoungGen      total 23040K, used 22976K [0x00000000d5580000, 0x00000000d6e80000, 0x0000000100000000)
  eden space 20480K, 100% used [0x00000000d5580000,0x00000000d6980000,0x00000000d6980000)
  from space 2560K, 97% used [0x00000000d6a00000,0x00000000d6c70010,0x00000000d6c80000)
  to   space 2048K, 0% used [0x00000000d6c80000,0x00000000d6c80000,0x00000000d6e80000)
 ParOldGen       total 68608K, used 54245K [0x0000000080000000, 0x0000000084300000, 0x00000000d5580000)
  object space 68608K, 79% used [0x0000000080000000,0x00000000834f97d8,0x0000000084300000)
 Metaspace       used 61472K, committed 62848K, reserved 1114112K
  class space    used 7171K, committed 7744K, reserved 1048576K
}
Event: 79.958 GC heap after
{Heap after GC invocations=45 (full 3):
 PSYoungGen      total 20480K, used 2040K [0x00000000d5580000, 0x00000000d7380000, 0x0000000100000000)
  eden space 18432K, 0% used [0x00000000d5580000,0x00000000d5580000,0x00000000d6780000)
  from space 2048K, 99% used [0x00000000d6c80000,0x00000000d6e7e200,0x00000000d6e80000)
  to   space 5120K, 0% used [0x00000000d6780000,0x00000000d6780000,0x00000000d6c80000)
 ParOldGen       total 68608K, used 56509K [0x0000000080000000, 0x0000000084300000, 0x00000000d5580000)
  object space 68608K, 82% used [0x0000000080000000,0x000000008372f7e8,0x0000000084300000)
 Metaspace       used 61472K, committed 62848K, reserved 1114112K
  class space    used 7171K, committed 7744K, reserved 1048576K
}
Event: 1940.605 GC heap before
{Heap before GC invocations=46 (full 3):
 PSYoungGen      total 20480K, used 20472K [0x00000000d5580000, 0x00000000d7380000, 0x0000000100000000)
  eden space 18432K, 99% used [0x00000000d5580000,0x00000000d677fff0,0x00000000d6780000)
  from space 2048K, 99% used [0x00000000d6c80000,0x00000000d6e7e200,0x00000000d6e80000)
  to   space 5120K, 0% used [0x00000000d6780000,0x00000000d6780000,0x00000000d6c80000)
 ParOldGen       total 68608K, used 56509K [0x0000000080000000, 0x0000000084300000, 0x00000000d5580000)
  object space 68608K, 82% used [0x0000000080000000,0x000000008372f7e8,0x0000000084300000)
 Metaspace       used 63008K, committed 64384K, reserved 1114112K
  class space    used 7353K, committed 7936K, reserved 1048576K
}
Event: 1940.608 GC heap after
{Heap after GC invocations=46 (full 3):
 PSYoungGen      total 19456K, used 889K [0x00000000d5580000, 0x00000000d6d00000, 0x0000000100000000)
  eden space 18432K, 0% used [0x00000000d5580000,0x00000000d5580000,0x00000000d6780000)
  from space 1024K, 86% used [0x00000000d6780000,0x00000000d685e4b0,0x00000000d6880000)
  to   space 2560K, 0% used [0x00000000d6a80000,0x00000000d6a80000,0x00000000d6d00000)
 ParOldGen       total 68608K, used 58387K [0x0000000080000000, 0x0000000084300000, 0x00000000d5580000)
  object space 68608K, 85% used [0x0000000080000000,0x0000000083904d60,0x0000000084300000)
 Metaspace       used 63008K, committed 64384K, reserved 1114112K
  class space    used 7353K, committed 7936K, reserved 1048576K
}

