# JRE version: OpenJDK Runtime Environment Temurin-21.0.9+10 (21.0.9+10) (build 21.0.9+10-LTS)
# Java VM: OpenJDK 64-Bit Server VM Temurin-21.0.9+10 (21.0.9+10-LTS, mixed mode, sharing, tiered, compressed oops, compressed class ptrs, parallel gc, windows-amd64)
GC Precious Log:
 CardTable entry size: 512
 CPUs: 16 total, 16 available
 Memory: 16088M
 Large Page Support: Disabled
 NUMA Support: Disabled
 Compressed Oops: Enabled (32-bit)
 Alignments: Space 512K, Generation 512K, Heap 2M
 Heap Min Capacity: 100M
 Heap Initial Capacity: 100M
 Heap Max Capacity: 2G
 Pre-touch: Disabled
 Parallel Workers: 13
Heap:
 PSYoungGen      total 23040K, used 2719K [0x00000000d5580000, 0x00000000d6e00000, 0x0000000100000000)
  eden space 22016K, 9% used [0x00000000d5580000,0x00000000d577fd00,0x00000000d6b00000)
  from space 1024K, 65% used [0x00000000d6d00000,0x00000000d6da8000,0x00000000d6e00000)
  to   space 1024K, 0% used [0x00000000d6c00000,0x00000000d6c00000,0x00000000d6d00000)
 ParOldGen       total 68608K, used 21771K [0x0000000080000000, 0x0000000084300000, 0x00000000d5580000)
  object space 68608K, 31% used [0x0000000080000000,0x0000000081542df8,0x0000000084300000)
 Metaspace       used 32301K, committed 33408K, reserved 1114112K
  class space    used 3186K, committed 3648K, reserved 1048576K
GC Heap History (20 events):
Event: 2.770 GC heap before
{Heap before GC invocations=11 (full 1):
 PSYoungGen      total 25088K, used 24685K [0x00000000d5580000, 0x00000000d7200000, 0x0000000100000000)
  eden space 22016K, 100% used [0x00000000d5580000,0x00000000d6b00000,0x00000000d6b00000)
  from space 3072K, 86% used [0x00000000d6c00000,0x00000000d6e9b530,0x00000000d6f00000)
  to   space 3072K, 0% used [0x00000000d6f00000,0x00000000d6f00000,0x00000000d7200000)
 ParOldGen       total 68608K, used 15891K [0x0000000080000000, 0x0000000084300000, 0x00000000d5580000)
  object space 68608K, 23% used [0x0000000080000000,0x0000000080f84e48,0x0000000084300000)
 Metaspace       used 23644K, committed 24512K, reserved 1114112K
  class space    used 2362K, committed 2688K, reserved 1048576K
}
Event: 2.771 GC heap after
{Heap after GC invocations=11 (full 1):
 PSYoungGen      total 23552K, used 1367K [0x00000000d5580000, 0x00000000d7080000, 0x0000000100000000)
  eden space 22016K, 0% used [0x00000000d5580000,0x00000000d5580000,0x00000000d6b00000)
  from space 1536K, 89% used [0x00000000d6f00000,0x00000000d7055e68,0x00000000d7080000)
  to   space 2048K, 0% used [0x00000000d6c80000,0x00000000d6c80000,0x00000000d6e80000)
 ParOldGen       total 68608K, used 15899K [0x0000000080000000, 0x0000000084300000, 0x00000000d5580000)
  object space 68608K, 23% used [0x0000000080000000,0x0000000080f86e48,0x0000000084300000)
 Metaspace       used 23644K, committed 24512K, reserved 1114112K
  class space    used 2362K, committed 2688K, reserved 1048576K
}
Event: 2.851 GC heap before
{Heap before GC invocations=12 (full 1):
 PSYoungGen      total 23552K, used 23383K [0x00000000d5580000, 0x00000000d7080000, 0x0000000100000000)
  eden space 22016K, 100% used [0x00000000d5580000,0x00000000d6b00000,0x00000000d6b00000)
  from space 1536K, 89% used [0x00000000d6f00000,0x00000000d7055e68,0x00000000d7080000)
  to   space 2048K, 0% used [0x00000000d6c80000,0x00000000d6c80000,0x00000000d6e80000)
 ParOldGen       total 68608K, used 15899K [0x0000000080000000, 0x0000000084300000, 0x00000000d5580000)
  object space 68608K, 23% used [0x0000000080000000,0x0000000080f86e48,0x0000000084300000)
 Metaspace       used 24610K, committed 25408K, reserved 1114112K
  class space    used 2408K, committed 2752K, reserved 1048576K
}
Event: 2.852 GC heap after
{Heap after GC invocations=12 (full 1):
 PSYoungGen      total 24064K, used 512K [0x00000000d5580000, 0x00000000d6f80000, 0x0000000100000000)
  eden space 22016K, 0% used [0x00000000d5580000,0x00000000d5580000,0x00000000d6b00000)
  from space 2048K, 25% used [0x00000000d6c80000,0x00000000d6d00000,0x00000000d6e80000)
  to   space 1024K, 0% used [0x00000000d6e80000,0x00000000d6e80000,0x00000000d6f80000)
 ParOldGen       total 68608K, used 17015K [0x0000000080000000, 0x0000000084300000, 0x00000000d5580000)
  object space 68608K, 24% used [0x0000000080000000,0x000000008109de30,0x0000000084300000)
 Metaspace       used 24610K, committed 25408K, reserved 1114112K
  class space    used 2408K, committed 2752K, reserved 1048576K
}
Event: 2.894 GC heap before
{Heap before GC invocations=13 (full 1):
 PSYoungGen      total 24064K, used 22528K [0x00000000d5580000, 0x00000000d6f80000, 0x0000000100000000)
  eden space 22016K, 100% used [0x00000000d5580000,0x00000000d6b00000,0x00000000d6b00000)
  from space 2048K, 25% used [0x00000000d6c80000,0x00000000d6d00000,0x00000000d6e80000)
  to   space 1024K, 0% used [0x00000000d6e80000,0x00000000d6e80000,0x00000000d6f80000)
 ParOldGen       total 68608K, used 17015K [0x0000000080000000, 0x0000000084300000, 0x00000000d5580000)
  object space 68608K, 24% used [0x0000000080000000,0x000000008109de30,0x0000000084300000)
 Metaspace       used 24954K, committed 25856K, reserved 1114112K
  class space    used 2446K, committed 2816K, reserved 1048576K
}
Event: 2.895 GC heap after
{Heap after GC invocations=13 (full 1):
 PSYoungGen      total 22528K, used 384K [0x00000000d5580000, 0x00000000d6f00000, 0x0000000100000000)
  eden space 22016K, 0% used [0x00000000d5580000,0x00000000d5580000,0x00000000d6b00000)
  from space 512K, 75% used [0x00000000d6e80000,0x00000000d6ee0000,0x00000000d6f00000)
  to   space 512K, 0% used [0x00000000d6e00000,0x00000000d6e00000,0x00000000d6e80000)
 ParOldGen       total 68608K, used 17223K [0x0000000080000000, 0x0000000084300000, 0x00000000d5580000)
  object space 68608K, 25% used [0x0000000080000000,0x00000000810d1e30,0x0000000084300000)
 Metaspace       used 24954K, committed 25856K, reserved 1114112K
  class space    used 2446K, committed 2816K, reserved 1048576K
}
Event: 2.942 GC heap before
{Heap before GC invocations=14 (full 1):
 PSYoungGen      total 22528K, used 22400K [0x00000000d5580000, 0x00000000d6f00000, 0x0000000100000000)
  eden space 22016K, 100% used [0x00000000d5580000,0x00000000d6b00000,0x00000000d6b00000)
  from space 512K, 75% used [0x00000000d6e80000,0x00000000d6ee0000,0x00000000d6f00000)
  to   space 512K, 0% used [0x00000000d6e00000,0x00000000d6e00000,0x00000000d6e80000)
 ParOldGen       total 68608K, used 17223K [0x0000000080000000, 0x0000000084300000, 0x00000000d5580000)
  object space 68608K, 25% used [0x0000000080000000,0x00000000810d1f40,0x0000000084300000)
 Metaspace       used 25772K, committed 26624K, reserved 1114112K
  class space    used 2518K, committed 2880K, reserved 1048576K
}
Event: 2.943 GC heap after
{Heap after GC invocations=14 (full 1):
 PSYoungGen      total 22528K, used 507K [0x00000000d5580000, 0x00000000d6f00000, 0x0000000100000000)
  eden space 22016K, 0% used [0x00000000d5580000,0x00000000d5580000,0x00000000d6b00000)
  from space 512K, 99% used [0x00000000d6e00000,0x00000000d6e7ece0,0x00000000d6e80000)
  to   space 512K, 0% used [0x00000000d6e80000,0x00000000d6e80000,0x00000000d6f00000)
 ParOldGen       total 68608K, used 17367K [0x0000000080000000, 0x0000000084300000, 0x00000000d5580000)
  object space 68608K, 25% used [0x0000000080000000,0x00000000810f5f40,0x0000000084300000)
 Metaspace       used 25772K, committed 26624K, reserved 1114112K
  class space    used 2518K, committed 2880K, reserved 1048576K
}
Event: 2.973 GC heap before
{Heap before GC invocations=15 (full 1):
 PSYoungGen      total 22528K, used 22523K [0x00000000d5580000, 0x00000000d6f00000, 0x0000000100000000)
  eden space 22016K, 100% used [0x00000000d5580000,0x00000000d6b00000,0x00000000d6b00000)
  from space 512K, 99% used [0x00000000d6e00000,0x00000000d6e7ece0,0x00000000d6e80000)
  to   space 512K, 0% used [0x00000000d6e80000,0x00000000d6e80000,0x00000000d6f00000)
 ParOldGen       total 68608K, used 17370K [0x0000000080000000, 0x0000000084300000, 0x00000000d5580000)
  object space 68608K, 25% used [0x0000000080000000,0x00000000810f6b40,0x0000000084300000)
 Metaspace       used 26097K, committed 26880K, reserved 1114112K
  class space    used 2553K, committed 2880K, reserved 1048576K
}
Event: 2.974 GC heap after
{Heap after GC invocations=15 (full 1):
 PSYoungGen      total 22528K, used 320K [0x00000000d5580000, 0x00000000d6f00000, 0x0000000100000000)
  eden space 22016K, 0% used [0x00000000d5580000,0x00000000d5580000,0x00000000d6b00000)
  from space 512K, 62% used [0x00000000d6e80000,0x00000000d6ed0000,0x00000000d6f00000)
  to   space 512K, 0% used [0x00000000d6e00000,0x00000000d6e00000,0x00000000d6e80000)
 ParOldGen       total 68608K, used 17650K [0x0000000080000000, 0x0000000084300000, 0x00000000d5580000)
  object space 68608K, 25% used [0x0000000080000000,0x000000008113cb40,0x0000000084300000)
 Metaspace       used 26097K, committed 26880K, reserved 1114112K
  class space    used 2553K, committed 2880K, reserved 1048576K
}
Event: 3.027 GC heap before
{Heap before GC invocations=16 (full 1):
 PSYoungGen      total 22528K, used 22336K [0x00000000d5580000, 0x00000000d6f00000, 0x0000000100000000)
  eden space 22016K, 100% used [0x00000000d5580000,0x00000000d6b00000,0x00000000d6b00000)
  from space 512K, 62% used [0x00000000d6e80000,0x00000000d6ed0000,0x00000000d6f00000)
  to   space 512K, 0% used [0x00000000d6e00000,0x00000000d6e00000,0x00000000d6e80000)
 ParOldGen       total 68608K, used 17650K [0x0000000080000000, 0x0000000084300000, 0x00000000d5580000)
  object space 68608K, 25% used [0x0000000080000000,0x000000008113cb40,0x0000000084300000)
 Metaspace       used 27007K, committed 27904K, reserved 1114112K
  class space    used 2620K, committed 3008K, reserved 1048576K
}
Event: 3.027 GC heap after
{Heap after GC invocations=16 (full 1):
 PSYoungGen      total 22528K, used 413K [0x00000000d5580000, 0x00000000d6f00000, 0x0000000100000000)
  eden space 22016K, 0% used [0x00000000d5580000,0x00000000d5580000,0x00000000d6b00000)
  from space 512K, 80% used [0x00000000d6e00000,0x00000000d6e67718,0x00000000d6e80000)
  to   space 512K, 0% used [0x00000000d6e80000,0x00000000d6e80000,0x00000000d6f00000)
 ParOldGen       total 68608K, used 17778K [0x0000000080000000, 0x0000000084300000, 0x00000000d5580000)
  object space 68608K, 25% used [0x0000000080000000,0x000000008115cb40,0x0000000084300000)
 Metaspace       used 27007K, committed 27904K, reserved 1114112K
  class space    used 2620K, committed 3008K, reserved 1048576K
}
Event: 3.129 GC heap before
{Heap before GC invocations=17 (full 1):
 PSYoungGen      total 22528K, used 22429K [0x00000000d5580000, 0x00000000d6f00000, 0x0000000100000000)
  eden space 22016K, 100% used [0x00000000d5580000,0x00000000d6b00000,0x00000000d6b00000)
  from space 512K, 80% used [0x00000000d6e00000,0x00000000d6e67718,0x00000000d6e80000)
  to   space 512K, 0% used [0x00000000d6e80000,0x00000000d6e80000,0x00000000d6f00000)
 ParOldGen       total 68608K, used 17778K [0x0000000080000000, 0x0000000084300000, 0x00000000d5580000)
  object space 68608K, 25% used [0x0000000080000000,0x000000008115cb40,0x0000000084300000)
 Metaspace       used 27669K, committed 28544K, reserved 1114112K
  class space    used 2654K, committed 3008K, reserved 1048576K
}
Event: 3.131 GC heap after
{Heap after GC invocations=17 (full 1):
 PSYoungGen      total 22528K, used 480K [0x00000000d5580000, 0x00000000d7100000, 0x0000000100000000)
  eden space 22016K, 0% used [0x00000000d5580000,0x00000000d5580000,0x00000000d6b00000)
  from space 512K, 93% used [0x00000000d6e80000,0x00000000d6ef8010,0x00000000d6f00000)
  to   space 3072K, 0% used [0x00000000d6b00000,0x00000000d6b00000,0x00000000d6e00000)
 ParOldGen       total 68608K, used 19547K [0x0000000080000000, 0x0000000084300000, 0x00000000d5580000)
  object space 68608K, 28% used [0x0000000080000000,0x0000000081316df0,0x0000000084300000)
 Metaspace       used 27669K, committed 28544K, reserved 1114112K
  class space    used 2654K, committed 3008K, reserved 1048576K
}
Event: 4.220 GC heap before
{Heap before GC invocations=18 (full 1):
 PSYoungGen      total 22528K, used 22478K [0x00000000d5580000, 0x00000000d7100000, 0x0000000100000000)
  eden space 22016K, 99% used [0x00000000d5580000,0x00000000d6afba60,0x00000000d6b00000)
  from space 512K, 93% used [0x00000000d6e80000,0x00000000d6ef8010,0x00000000d6f00000)
  to   space 3072K, 0% used [0x00000000d6b00000,0x00000000d6b00000,0x00000000d6e00000)
 ParOldGen       total 68608K, used 19547K [0x0000000080000000, 0x0000000084300000, 0x00000000d5580000)
  object space 68608K, 28% used [0x0000000080000000,0x0000000081316df0,0x0000000084300000)
 Metaspace       used 27962K, committed 28864K, reserved 1114112K
  class space    used 2681K, committed 3072K, reserved 1048576K
}
Event: 4.222 GC heap after
{Heap after GC invocations=18 (full 1):
 PSYoungGen      total 23040K, used 535K [0x00000000d5580000, 0x00000000d6f00000, 0x0000000100000000)
  eden space 22016K, 0% used [0x00000000d5580000,0x00000000d5580000,0x00000000d6b00000)
  from space 1024K, 52% used [0x00000000d6b00000,0x00000000d6b85ef0,0x00000000d6c00000)
  to   space 1536K, 0% used [0x00000000d6d80000,0x00000000d6d80000,0x00000000d6f00000)
 ParOldGen       total 68608K, used 19843K [0x0000000080000000, 0x0000000084300000, 0x00000000d5580000)
  object space 68608K, 28% used [0x0000000080000000,0x0000000081360d80,0x0000000084300000)
 Metaspace       used 27962K, committed 28864K, reserved 1114112K
  class space    used 2681K, committed 3072K, reserved 1048576K
}
Event: 4.433 GC heap before
{Heap before GC invocations=19 (full 1):
 PSYoungGen      total 23040K, used 22551K [0x00000000d5580000, 0x00000000d6f00000, 0x0000000100000000)
  eden space 22016K, 100% used [0x00000000d5580000,0x00000000d6b00000,0x00000000d6b00000)
  from space 1024K, 52% used [0x00000000d6b00000,0x00000000d6b85ef0,0x00000000d6c00000)
  to   space 1536K, 0% used [0x00000000d6d80000,0x00000000d6d80000,0x00000000d6f00000)
 ParOldGen       total 68608K, used 19843K [0x0000000080000000, 0x0000000084300000, 0x00000000d5580000)
  object space 68608K, 28% used [0x0000000080000000,0x0000000081360d80,0x0000000084300000)
 Metaspace       used 29892K, committed 30784K, reserved 1114112K
  class space    used 2890K, committed 3264K, reserved 1048576K
}
Event: 4.434 GC heap after
{Heap after GC invocations=19 (full 1):
 PSYoungGen      total 23552K, used 1495K [0x00000000d5580000, 0x00000000d6f00000, 0x0000000100000000)
  eden space 22016K, 0% used [0x00000000d5580000,0x00000000d5580000,0x00000000d6b00000)
  from space 1536K, 97% used [0x00000000d6d80000,0x00000000d6ef5f90,0x00000000d6f00000)
  to   space 2048K, 0% used [0x00000000d6b00000,0x00000000d6b00000,0x00000000d6d00000)
 ParOldGen       total 68608K, used 20067K [0x0000000080000000, 0x0000000084300000, 0x00000000d5580000)
  object space 68608K, 29% used [0x0000000080000000,0x0000000081398d80,0x0000000084300000)
 Metaspace       used 29892K, committed 30784K, reserved 1114112K
  class space    used 2890K, committed 3264K, reserved 1048576K
}
Event: 4.577 GC heap before
{Heap before GC invocations=20 (full 1):
 PSYoungGen      total 23552K, used 23511K [0x00000000d5580000, 0x00000000d6f00000, 0x0000000100000000)
  eden space 22016K, 100% used [0x00000000d5580000,0x00000000d6b00000,0x00000000d6b00000)
  from space 1536K, 97% used [0x00000000d6d80000,0x00000000d6ef5f90,0x00000000d6f00000)
  to   space 2048K, 0% used [0x00000000d6b00000,0x00000000d6b00000,0x00000000d6d00000)
 ParOldGen       total 68608K, used 20067K [0x0000000080000000, 0x0000000084300000, 0x00000000d5580000)
  object space 68608K, 29% used [0x0000000080000000,0x0000000081398d80,0x0000000084300000)
 Metaspace       used 31432K, committed 32384K, reserved 1114112K
  class space    used 3067K, committed 3456K, reserved 1048576K
}
Event: 4.579 GC heap after
{Heap after GC invocations=20 (full 1):
 PSYoungGen      total 24064K, used 672K [0x00000000d5580000, 0x00000000d6e00000, 0x0000000100000000)
  eden space 22016K, 0% used [0x00000000d5580000,0x00000000d5580000,0x00000000d6b00000)
  from space 2048K, 32% used [0x00000000d6b00000,0x00000000d6ba8000,0x00000000d6d00000)
  to   space 1024K, 0% used [0x00000000d6d00000,0x00000000d6d00000,0x00000000d6e00000)
 ParOldGen       total 68608K, used 21283K [0x0000000080000000, 0x0000000084300000, 0x00000000d5580000)
  object space 68608K, 31% used [0x0000000080000000,0x00000000814c8de8,0x0000000084300000)
 Metaspace       used 31432K, committed 32384K, reserved 1114112K
  class space    used 3067K, committed 3456K, reserved 1048576K
}

