# JRE version: OpenJDK Runtime Environment Temurin-21.0.9+10 (21.0.9+10) (build 21.0.9+10-LTS)
# Java VM: OpenJDK 64-Bit Server VM Temurin-21.0.9+10 (21.0.9+10-LTS, mixed mode, sharing, tiered, compressed oops, compressed class ptrs, parallel gc, windows-amd64)
GC Precious Log:
 CardTable entry size: 512
 CPUs: 16 total, 16 available
 Memory: 16088M
 Large Page Support: Disabled
 NUMA Support: Disabled
 Compressed Oops: Enabled (32-bit)
 Alignments: Space 512K, Generation 512K, Heap 2M
 Heap Min Capacity: 100M
 Heap Initial Capacity: 100M
 Heap Max Capacity: 2G
 Pre-touch: Disabled
 Parallel Workers: 13
Heap:
 PSYoungGen      total 22528K, used 12278K [0x00000000d5580000, 0x00000000d6d80000, 0x0000000100000000)
  eden space 21504K, 53% used [0x00000000d5580000,0x00000000d60be878,0x00000000d6a80000)
  from space 1024K, 74% used [0x00000000d6c80000,0x00000000d6d3f380,0x00000000d6d80000)
  to   space 1024K, 0% used [0x00000000d6b80000,0x00000000d6b80000,0x00000000d6c80000)
 ParOldGen       total 68608K, used 24503K [0x0000000080000000, 0x0000000084300000, 0x00000000d5580000)
  object space 68608K, 35% used [0x0000000080000000,0x00000000817edf58,0x0000000084300000)
 Metaspace       used 33753K, committed 34880K, reserved 1114112K
  class space    used 3355K, committed 3840K, reserved 1048576K
GC Heap History (20 events):
Event: 3.704 GC heap before
{Heap before GC invocations=12 (full 1):
 PSYoungGen      total 23040K, used 22811K [0x00000000d5580000, 0x00000000d6f80000, 0x0000000100000000)
  eden space 21504K, 100% used [0x00000000d5580000,0x00000000d6a80000,0x00000000d6a80000)
  from space 1536K, 85% used [0x00000000d6e00000,0x00000000d6f46e50,0x00000000d6f80000)
  to   space 2048K, 0% used [0x00000000d6b80000,0x00000000d6b80000,0x00000000d6d80000)
 ParOldGen       total 68608K, used 15893K [0x0000000080000000, 0x0000000084300000, 0x00000000d5580000)
  object space 68608K, 23% used [0x0000000080000000,0x0000000080f85450,0x0000000084300000)
 Metaspace       used 26167K, committed 27008K, reserved 1114112K
  class space    used 2567K, committed 2944K, reserved 1048576K
}
Event: 3.706 GC heap after
{Heap after GC invocations=12 (full 1):
 PSYoungGen      total 23552K, used 2035K [0x00000000d5580000, 0x00000000d7280000, 0x0000000100000000)
  eden space 21504K, 0% used [0x00000000d5580000,0x00000000d5580000,0x00000000d6a80000)
  from space 2048K, 99% used [0x00000000d6b80000,0x00000000d6d7cf68,0x00000000d6d80000)
  to   space 4096K, 0% used [0x00000000d6e80000,0x00000000d6e80000,0x00000000d7280000)
 ParOldGen       total 68608K, used 17476K [0x0000000080000000, 0x0000000084300000, 0x00000000d5580000)
  object space 68608K, 25% used [0x0000000080000000,0x0000000081111318,0x0000000084300000)
 Metaspace       used 26167K, committed 27008K, reserved 1114112K
  class space    used 2567K, committed 2944K, reserved 1048576K
}
Event: 3.805 GC heap before
{Heap before GC invocations=13 (full 1):
 PSYoungGen      total 23552K, used 23539K [0x00000000d5580000, 0x00000000d7280000, 0x0000000100000000)
  eden space 21504K, 100% used [0x00000000d5580000,0x00000000d6a80000,0x00000000d6a80000)
  from space 2048K, 99% used [0x00000000d6b80000,0x00000000d6d7cf68,0x00000000d6d80000)
  to   space 4096K, 0% used [0x00000000d6e80000,0x00000000d6e80000,0x00000000d7280000)
 ParOldGen       total 68608K, used 17476K [0x0000000080000000, 0x0000000084300000, 0x00000000d5580000)
  object space 68608K, 25% used [0x0000000080000000,0x0000000081111318,0x0000000084300000)
 Metaspace       used 27319K, committed 28160K, reserved 1114112K
  class space    used 2631K, committed 3008K, reserved 1048576K
}
Event: 3.808 GC heap after
{Heap after GC invocations=13 (full 1):
 PSYoungGen      total 24064K, used 2216K [0x00000000d5580000, 0x00000000d7100000, 0x0000000100000000)
  eden space 21504K, 0% used [0x00000000d5580000,0x00000000d5580000,0x00000000d6a80000)
  from space 2560K, 86% used [0x00000000d6e80000,0x00000000d70aa2b0,0x00000000d7100000)
  to   space 3072K, 0% used [0x00000000d6b00000,0x00000000d6b00000,0x00000000d6e00000)
 ParOldGen       total 68608K, used 19208K [0x0000000080000000, 0x0000000084300000, 0x00000000d5580000)
  object space 68608K, 27% used [0x0000000080000000,0x00000000812c21d0,0x0000000084300000)
 Metaspace       used 27319K, committed 28160K, reserved 1114112K
  class space    used 2631K, committed 3008K, reserved 1048576K
}
Event: 3.844 GC heap before
{Heap before GC invocations=14 (full 1):
 PSYoungGen      total 24064K, used 23720K [0x00000000d5580000, 0x00000000d7100000, 0x0000000100000000)
  eden space 21504K, 100% used [0x00000000d5580000,0x00000000d6a80000,0x00000000d6a80000)
  from space 2560K, 86% used [0x00000000d6e80000,0x00000000d70aa2b0,0x00000000d7100000)
  to   space 3072K, 0% used [0x00000000d6b00000,0x00000000d6b00000,0x00000000d6e00000)
 ParOldGen       total 68608K, used 19208K [0x0000000080000000, 0x0000000084300000, 0x00000000d5580000)
  object space 68608K, 27% used [0x0000000080000000,0x00000000812c21d0,0x0000000084300000)
 Metaspace       used 27503K, committed 28416K, reserved 1114112K
  class space    used 2643K, committed 3008K, reserved 1048576K
}
Event: 3.846 GC heap after
{Heap after GC invocations=14 (full 1):
 PSYoungGen      total 22016K, used 444K [0x00000000d5580000, 0x00000000d6f00000, 0x0000000100000000)
  eden space 21504K, 0% used [0x00000000d5580000,0x00000000d5580000,0x00000000d6a80000)
  from space 512K, 86% used [0x00000000d6b00000,0x00000000d6b6f240,0x00000000d6b80000)
  to   space 1536K, 0% used [0x00000000d6d80000,0x00000000d6d80000,0x00000000d6f00000)
 ParOldGen       total 68608K, used 21136K [0x0000000080000000, 0x0000000084300000, 0x00000000d5580000)
  object space 68608K, 30% used [0x0000000080000000,0x00000000814a43d0,0x0000000084300000)
 Metaspace       used 27503K, committed 28416K, reserved 1114112K
  class space    used 2643K, committed 3008K, reserved 1048576K
}
Event: 3.929 GC heap before
{Heap before GC invocations=15 (full 1):
 PSYoungGen      total 22016K, used 21948K [0x00000000d5580000, 0x00000000d6f00000, 0x0000000100000000)
  eden space 21504K, 100% used [0x00000000d5580000,0x00000000d6a80000,0x00000000d6a80000)
  from space 512K, 86% used [0x00000000d6b00000,0x00000000d6b6f240,0x00000000d6b80000)
  to   space 1536K, 0% used [0x00000000d6d80000,0x00000000d6d80000,0x00000000d6f00000)
 ParOldGen       total 68608K, used 21136K [0x0000000080000000, 0x0000000084300000, 0x00000000d5580000)
  object space 68608K, 30% used [0x0000000080000000,0x00000000814a43d0,0x0000000084300000)
 Metaspace       used 27749K, committed 28608K, reserved 1114112K
  class space    used 2662K, committed 3008K, reserved 1048576K
}
Event: 3.930 GC heap after
{Heap after GC invocations=15 (full 1):
 PSYoungGen      total 22528K, used 608K [0x00000000d5580000, 0x00000000d6e80000, 0x0000000100000000)
  eden space 21504K, 0% used [0x00000000d5580000,0x00000000d5580000,0x00000000d6a80000)
  from space 1024K, 59% used [0x00000000d6d80000,0x00000000d6e18010,0x00000000d6e80000)
  to   space 1024K, 0% used [0x00000000d6c80000,0x00000000d6c80000,0x00000000d6d80000)
 ParOldGen       total 68608K, used 21289K [0x0000000080000000, 0x0000000084300000, 0x00000000d5580000)
  object space 68608K, 31% used [0x0000000080000000,0x00000000814ca410,0x0000000084300000)
 Metaspace       used 27749K, committed 28608K, reserved 1114112K
  class space    used 2662K, committed 3008K, reserved 1048576K
}
Event: 3.969 GC heap before
{Heap before GC invocations=16 (full 1):
 PSYoungGen      total 22528K, used 22112K [0x00000000d5580000, 0x00000000d6e80000, 0x0000000100000000)
  eden space 21504K, 100% used [0x00000000d5580000,0x00000000d6a80000,0x00000000d6a80000)
  from space 1024K, 59% used [0x00000000d6d80000,0x00000000d6e18010,0x00000000d6e80000)
  to   space 1024K, 0% used [0x00000000d6c80000,0x00000000d6c80000,0x00000000d6d80000)
 ParOldGen       total 68608K, used 21289K [0x0000000080000000, 0x0000000084300000, 0x00000000d5580000)
  object space 68608K, 31% used [0x0000000080000000,0x00000000814ca410,0x0000000084300000)
 Metaspace       used 27878K, committed 28736K, reserved 1114112K
  class space    used 2672K, committed 3008K, reserved 1048576K
}
Event: 3.970 GC heap after
{Heap after GC invocations=16 (full 1):
 PSYoungGen      total 22528K, used 576K [0x00000000d5580000, 0x00000000d6e00000, 0x0000000100000000)
  eden space 21504K, 0% used [0x00000000d5580000,0x00000000d5580000,0x00000000d6a80000)
  from space 1024K, 56% used [0x00000000d6c80000,0x00000000d6d10000,0x00000000d6d80000)
  to   space 512K, 0% used [0x00000000d6d80000,0x00000000d6d80000,0x00000000d6e00000)
 ParOldGen       total 68608K, used 21585K [0x0000000080000000, 0x0000000084300000, 0x00000000d5580000)
  object space 68608K, 31% used [0x0000000080000000,0x0000000081514410,0x0000000084300000)
 Metaspace       used 27878K, committed 28736K, reserved 1114112K
  class space    used 2672K, committed 3008K, reserved 1048576K
}
Event: 4.017 GC heap before
{Heap before GC invocations=17 (full 1):
 PSYoungGen      total 22528K, used 22080K [0x00000000d5580000, 0x00000000d6e00000, 0x0000000100000000)
  eden space 21504K, 100% used [0x00000000d5580000,0x00000000d6a80000,0x00000000d6a80000)
  from space 1024K, 56% used [0x00000000d6c80000,0x00000000d6d10000,0x00000000d6d80000)
  to   space 512K, 0% used [0x00000000d6d80000,0x00000000d6d80000,0x00000000d6e00000)
 ParOldGen       total 68608K, used 21585K [0x0000000080000000, 0x0000000084300000, 0x00000000d5580000)
  object space 68608K, 31% used [0x0000000080000000,0x0000000081514410,0x0000000084300000)
 Metaspace       used 28286K, committed 29248K, reserved 1114112K
  class space    used 2709K, committed 3136K, reserved 1048576K
}
Event: 4.019 GC heap after
{Heap after GC invocations=17 (full 1):
 PSYoungGen      total 22016K, used 352K [0x00000000d5580000, 0x00000000d6e00000, 0x0000000100000000)
  eden space 21504K, 0% used [0x00000000d5580000,0x00000000d5580000,0x00000000d6a80000)
  from space 512K, 68% used [0x00000000d6d80000,0x00000000d6dd8000,0x00000000d6e00000)
  to   space 512K, 0% used [0x00000000d6d00000,0x00000000d6d00000,0x00000000d6d80000)
 ParOldGen       total 68608K, used 21849K [0x0000000080000000, 0x0000000084300000, 0x00000000d5580000)
  object space 68608K, 31% used [0x0000000080000000,0x0000000081556410,0x0000000084300000)
 Metaspace       used 28286K, committed 29248K, reserved 1114112K
  class space    used 2709K, committed 3136K, reserved 1048576K
}
Event: 4.298 GC heap before
{Heap before GC invocations=18 (full 1):
 PSYoungGen      total 22016K, used 21856K [0x00000000d5580000, 0x00000000d6e00000, 0x0000000100000000)
  eden space 21504K, 100% used [0x00000000d5580000,0x00000000d6a80000,0x00000000d6a80000)
  from space 512K, 68% used [0x00000000d6d80000,0x00000000d6dd8000,0x00000000d6e00000)
  to   space 512K, 0% used [0x00000000d6d00000,0x00000000d6d00000,0x00000000d6d80000)
 ParOldGen       total 68608K, used 21849K [0x0000000080000000, 0x0000000084300000, 0x00000000d5580000)
  object space 68608K, 31% used [0x0000000080000000,0x0000000081556410,0x0000000084300000)
 Metaspace       used 30060K, committed 30976K, reserved 1114112K
  class space    used 2892K, committed 3264K, reserved 1048576K
}
Event: 4.299 GC heap after
{Heap after GC invocations=18 (full 1):
 PSYoungGen      total 22016K, used 512K [0x00000000d5580000, 0x00000000d6e80000, 0x0000000100000000)
  eden space 21504K, 0% used [0x00000000d5580000,0x00000000d5580000,0x00000000d6a80000)
  from space 512K, 100% used [0x00000000d6d00000,0x00000000d6d80000,0x00000000d6d80000)
  to   space 1024K, 0% used [0x00000000d6d80000,0x00000000d6d80000,0x00000000d6e80000)
 ParOldGen       total 68608K, used 22731K [0x0000000080000000, 0x0000000084300000, 0x00000000d5580000)
  object space 68608K, 33% used [0x0000000080000000,0x0000000081632f30,0x0000000084300000)
 Metaspace       used 30060K, committed 30976K, reserved 1114112K
  class space    used 2892K, committed 3264K, reserved 1048576K
}
Event: 4.477 GC heap before
{Heap before GC invocations=19 (full 1):
 PSYoungGen      total 22016K, used 22016K [0x00000000d5580000, 0x00000000d6e80000, 0x0000000100000000)
  eden space 21504K, 100% used [0x00000000d5580000,0x00000000d6a80000,0x00000000d6a80000)
  from space 512K, 100% used [0x00000000d6d00000,0x00000000d6d80000,0x00000000d6d80000)
  to   space 1024K, 0% used [0x00000000d6d80000,0x00000000d6d80000,0x00000000d6e80000)
 ParOldGen       total 68608K, used 22731K [0x0000000080000000, 0x0000000084300000, 0x00000000d5580000)
  object space 68608K, 33% used [0x0000000080000000,0x0000000081632f30,0x0000000084300000)
 Metaspace       used 31433K, committed 32512K, reserved 1114112K
  class space    used 3069K, committed 3520K, reserved 1048576K
}
Event: 4.478 GC heap after
{Heap after GC invocations=19 (full 1):
 PSYoungGen      total 22528K, used 944K [0x00000000d5580000, 0x00000000d6e80000, 0x0000000100000000)
  eden space 21504K, 0% used [0x00000000d5580000,0x00000000d5580000,0x00000000d6a80000)
  from space 1024K, 92% used [0x00000000d6d80000,0x00000000d6e6c0f0,0x00000000d6e80000)
  to   space 1536K, 0% used [0x00000000d6b80000,0x00000000d6b80000,0x00000000d6d00000)
 ParOldGen       total 68608K, used 23208K [0x0000000080000000, 0x0000000084300000, 0x00000000d5580000)
  object space 68608K, 33% used [0x0000000080000000,0x00000000816aa038,0x0000000084300000)
 Metaspace       used 31433K, committed 32512K, reserved 1114112K
  class space    used 3069K, committed 3520K, reserved 1048576K
}
Event: 4.555 GC heap before
{Heap before GC invocations=20 (full 1):
 PSYoungGen      total 22528K, used 22448K [0x00000000d5580000, 0x00000000d6e80000, 0x0000000100000000)
  eden space 21504K, 100% used [0x00000000d5580000,0x00000000d6a80000,0x00000000d6a80000)
  from space 1024K, 92% used [0x00000000d6d80000,0x00000000d6e6c0f0,0x00000000d6e80000)
  to   space 1536K, 0% used [0x00000000d6b80000,0x00000000d6b80000,0x00000000d6d00000)
 ParOldGen       total 68608K, used 23208K [0x0000000080000000, 0x0000000084300000, 0x00000000d5580000)
  object space 68608K, 33% used [0x0000000080000000,0x00000000816aa038,0x0000000084300000)
 Metaspace       used 32480K, committed 33600K, reserved 1114112K
  class space    used 3197K, committed 3712K, reserved 1048576K
}
Event: 4.557 GC heap after
{Heap after GC invocations=20 (full 1):
 PSYoungGen      total 22528K, used 1007K [0x00000000d5580000, 0x00000000d6e00000, 0x0000000100000000)
  eden space 21504K, 0% used [0x00000000d5580000,0x00000000d5580000,0x00000000d6a80000)
  from space 1024K, 98% used [0x00000000d6b80000,0x00000000d6c7be60,0x00000000d6c80000)
  to   space 1536K, 0% used [0x00000000d6c80000,0x00000000d6c80000,0x00000000d6e00000)
 ParOldGen       total 68608K, used 23851K [0x0000000080000000, 0x0000000084300000, 0x00000000d5580000)
  object space 68608K, 34% used [0x0000000080000000,0x000000008174ad30,0x0000000084300000)
 Metaspace       used 32480K, committed 33600K, reserved 1114112K
  class space    used 3197K, committed 3712K, reserved 1048576K
}
Event: 4.602 GC heap before
{Heap before GC invocations=21 (full 1):
 PSYoungGen      total 22528K, used 22511K [0x00000000d5580000, 0x00000000d6e00000, 0x0000000100000000)
  eden space 21504K, 100% used [0x00000000d5580000,0x00000000d6a80000,0x00000000d6a80000)
  from space 1024K, 98% used [0x00000000d6b80000,0x00000000d6c7be60,0x00000000d6c80000)
  to   space 1536K, 0% used [0x00000000d6c80000,0x00000000d6c80000,0x00000000d6e00000)
 ParOldGen       total 68608K, used 23851K [0x0000000080000000, 0x0000000084300000, 0x00000000d5580000)
  object space 68608K, 34% used [0x0000000080000000,0x000000008174ad30,0x0000000084300000)
 Metaspace       used 33010K, committed 34176K, reserved 1114112K
  class space    used 3269K, committed 3776K, reserved 1048576K
}
Event: 4.603 GC heap after
{Heap after GC invocations=21 (full 1):
 PSYoungGen      total 22528K, used 764K [0x00000000d5580000, 0x00000000d6d80000, 0x0000000100000000)
  eden space 21504K, 0% used [0x00000000d5580000,0x00000000d5580000,0x00000000d6a80000)
  from space 1024K, 74% used [0x00000000d6c80000,0x00000000d6d3f380,0x00000000d6d80000)
  to   space 1024K, 0% used [0x00000000d6b80000,0x00000000d6b80000,0x00000000d6c80000)
 ParOldGen       total 68608K, used 24503K [0x0000000080000000, 0x0000000084300000, 0x00000000d5580000)
  object space 68608K, 35% used [0x0000000080000000,0x00000000817edf58,0x0000000084300000)
 Metaspace       used 33010K, committed 34176K, reserved 1114112K
  class space    used 3269K, committed 3776K, reserved 1048576K
}

